build/app/intermediates/manifest_merge_blame_file/debug/manifest-merger-blame-debug-report.txt
1<?xml version="1.0" encoding="utf-8"?>
2<manifest xmlns:android="http://schemas.android.com/apk/res/android"
3    package="com.example.chat_app_dexkor"
4    android:versionCode="1"
5    android:versionName="1.0.0" >
6
7    <uses-sdk
8        android:minSdkVersion="23"
9        android:targetSdkVersion="35" />
10    <!--
11         The INTERNET permission is required for development. Specifically,
12         the Flutter tool needs it to communicate with the running application
13         to allow setting breakpoints, to provide hot reload, etc.
14    -->
15    <uses-permission android:name="android.permission.INTERNET" />
15-->src\debug\AndroidManifest.xml:6:5-66
15-->src\debug\AndroidManifest.xml:6:22-64
16
17    <queries>
17-->src\main\AndroidManifest.xml:46:5-51:15
18        <intent>
18-->src\main\AndroidManifest.xml:47:9-50:18
19            <action android:name="android.intent.action.PROCESS_TEXT" />
19-->src\main\AndroidManifest.xml:48:13-72
19-->src\main\AndroidManifest.xml:48:21-70
20
21            <data android:mimeType="text/plain" />
21-->src\main\AndroidManifest.xml:49:13-50
21-->src\main\AndroidManifest.xml:49:19-48
22        </intent>
23        <intent>
23-->[:file_picker] AndroidManifest.xml:8:9-12:18
24            <action android:name="android.intent.action.GET_CONTENT" />
24-->[:file_picker] AndroidManifest.xml:9:13-72
24-->[:file_picker] AndroidManifest.xml:9:21-69
25
26            <data android:mimeType="*/*" />
26-->src\main\AndroidManifest.xml:49:13-50
26-->src\main\AndroidManifest.xml:49:19-48
27        </intent> <!-- Needs to be explicitly declared on Android R+ -->
28        <package android:name="com.google.android.apps.maps" />
28-->[com.google.android.gms:play-services-maps:18.2.0] AndroidManifest.xml:33:9-64
28-->[com.google.android.gms:play-services-maps:18.2.0] AndroidManifest.xml:33:18-61
29    </queries>
30
31    <uses-permission android:name="android.permission.WAKE_LOCK" />
31-->[:firebase_messaging] AndroidManifest.xml:8:5-68
31-->[:firebase_messaging] AndroidManifest.xml:8:22-65
32    <uses-permission android:name="android.permission.ACCESS_NETWORK_STATE" /> <!-- Permissions options for the `notification` group -->
32-->[:firebase_messaging] AndroidManifest.xml:9:5-79
32-->[:firebase_messaging] AndroidManifest.xml:9:22-76
33    <uses-permission android:name="android.permission.POST_NOTIFICATIONS" />
33-->[:firebase_messaging] AndroidManifest.xml:11:5-77
33-->[:firebase_messaging] AndroidManifest.xml:11:22-74
34    <uses-permission android:name="android.permission.ACCESS_COARSE_LOCATION" />
34-->[:location] AndroidManifest.xml:7:5-81
34-->[:location] AndroidManifest.xml:7:22-78
35    <uses-permission android:name="android.permission.ACCESS_FINE_LOCATION" />
35-->[:location] AndroidManifest.xml:8:5-79
35-->[:location] AndroidManifest.xml:8:22-76
36
37    <uses-feature
37-->[com.google.android.gms:play-services-maps:18.2.0] AndroidManifest.xml:26:5-28:35
38        android:glEsVersion="0x00020000"
38-->[com.google.android.gms:play-services-maps:18.2.0] AndroidManifest.xml:27:9-41
39        android:required="true" /> <!-- Required by older versions of Google Play services to create IID tokens -->
39-->[com.google.android.gms:play-services-maps:18.2.0] AndroidManifest.xml:28:9-32
40    <uses-permission android:name="com.google.android.c2dm.permission.RECEIVE" />
40-->[com.google.firebase:firebase-messaging:24.1.0] AndroidManifest.xml:26:5-82
40-->[com.google.firebase:firebase-messaging:24.1.0] AndroidManifest.xml:26:22-79
41    <uses-permission android:name="com.google.android.providers.gsf.permission.READ_GSERVICES" />
41-->[com.google.android.recaptcha:recaptcha:18.5.1] AndroidManifest.xml:9:5-98
41-->[com.google.android.recaptcha:recaptcha:18.5.1] AndroidManifest.xml:9:22-95
42
43    <permission
43-->[androidx.core:core:1.13.1] AndroidManifest.xml:22:5-24:47
44        android:name="com.example.chat_app_dexkor.DYNAMIC_RECEIVER_NOT_EXPORTED_PERMISSION"
44-->[androidx.core:core:1.13.1] AndroidManifest.xml:23:9-81
45        android:protectionLevel="signature" />
45-->[androidx.core:core:1.13.1] AndroidManifest.xml:24:9-44
46
47    <uses-permission android:name="com.example.chat_app_dexkor.DYNAMIC_RECEIVER_NOT_EXPORTED_PERMISSION" />
47-->[androidx.core:core:1.13.1] AndroidManifest.xml:26:5-97
47-->[androidx.core:core:1.13.1] AndroidManifest.xml:26:22-94
48
49    <application
50        android:name="android.app.Application"
51        android:appComponentFactory="androidx.core.app.CoreComponentFactory"
51-->[androidx.core:core:1.13.1] AndroidManifest.xml:28:18-86
52        android:debuggable="true"
53        android:enableOnBackInvokedCallback="true"
54        android:extractNativeLibs="false"
55        android:icon="@mipmap/ic_launcher"
56        android:label="chat_app_dexkor" > <!-- Enable this callback -->
57
58        <activity
59            android:name="com.example.chat_app_dexkor.MainActivity"
60            android:configChanges="orientation|keyboardHidden|keyboard|screenSize|smallestScreenSize|locale|layoutDirection|fontScale|screenLayout|density|uiMode"
61            android:exported="true"
62            android:hardwareAccelerated="true"
63            android:launchMode="singleTop"
64            android:taskAffinity=""
65            android:theme="@style/LaunchTheme"
66            android:windowSoftInputMode="adjustResize" >
67            <meta-data
68                android:name="io.flutter.embedding.android.NormalTheme"
69                android:resource="@style/NormalTheme" />
70
71            <intent-filter>
72                <action android:name="android.intent.action.MAIN" />
73
74                <category android:name="android.intent.category.LAUNCHER" />
75            </intent-filter>
76        </activity>
77
78        <service
79            android:name="com.google.firebase.messaging.FirebaseMessagingService"
80            android:directBootAware="true"
80-->[com.google.firebase:firebase-messaging:24.1.0] AndroidManifest.xml:48:13-43
81            android:exported="false" >
82            <intent-filter>
82-->[:firebase_messaging] AndroidManifest.xml:21:13-23:29
83                <action android:name="com.google.firebase.MESSAGING_EVENT" />
83-->[:firebase_messaging] AndroidManifest.xml:22:17-78
83-->[:firebase_messaging] AndroidManifest.xml:22:25-75
84            </intent-filter>
85            <intent-filter android:priority="-500" >
85-->[:firebase_messaging] AndroidManifest.xml:21:13-23:29
86                <action android:name="com.google.firebase.MESSAGING_EVENT" />
86-->[:firebase_messaging] AndroidManifest.xml:22:17-78
86-->[:firebase_messaging] AndroidManifest.xml:22:25-75
87            </intent-filter>
88        </service>
89
90        <meta-data
91            android:name="com.google.firebase.messaging.default_notification_channel_id"
92            android:value="your_channel_id" />
93        <meta-data
94            android:name="flutterEmbedding"
95            android:value="2" />
96
97        <service
97-->[:cloud_firestore] AndroidManifest.xml:8:9-12:19
98            android:name="com.google.firebase.components.ComponentDiscoveryService"
98-->[:cloud_firestore] AndroidManifest.xml:8:18-89
99            android:directBootAware="true"
99-->[com.google.firebase:firebase-common:21.0.0] AndroidManifest.xml:32:13-43
100            android:exported="false" >
100-->[com.google.firebase:firebase-auth:23.1.0] AndroidManifest.xml:68:13-37
101            <meta-data
101-->[:cloud_firestore] AndroidManifest.xml:9:13-11:85
102                android:name="com.google.firebase.components:io.flutter.plugins.firebase.firestore.FlutterFirebaseFirestoreRegistrar"
102-->[:cloud_firestore] AndroidManifest.xml:10:17-134
103                android:value="com.google.firebase.components.ComponentRegistrar" />
103-->[:cloud_firestore] AndroidManifest.xml:11:17-82
104            <meta-data
104-->[:firebase_app_check] AndroidManifest.xml:9:13-11:85
105                android:name="com.google.firebase.components:io.flutter.plugins.firebase.appcheck.FlutterFirebaseAppRegistrar"
105-->[:firebase_app_check] AndroidManifest.xml:10:17-127
106                android:value="com.google.firebase.components.ComponentRegistrar" />
106-->[:firebase_app_check] AndroidManifest.xml:11:17-82
107            <meta-data
107-->[:firebase_auth] AndroidManifest.xml:9:13-11:85
108                android:name="com.google.firebase.components:io.flutter.plugins.firebase.auth.FlutterFirebaseAuthRegistrar"
108-->[:firebase_auth] AndroidManifest.xml:10:17-124
109                android:value="com.google.firebase.components.ComponentRegistrar" />
109-->[:firebase_auth] AndroidManifest.xml:11:17-82
110            <meta-data
110-->[:firebase_database] AndroidManifest.xml:9:13-11:85
111                android:name="com.google.firebase.components:io.flutter.plugins.firebase.database.FlutterFirebaseAppRegistrar"
111-->[:firebase_database] AndroidManifest.xml:10:17-127
112                android:value="com.google.firebase.components.ComponentRegistrar" />
112-->[:firebase_database] AndroidManifest.xml:11:17-82
113            <meta-data
113-->[:firebase_messaging] AndroidManifest.xml:36:13-38:85
114                android:name="com.google.firebase.components:io.flutter.plugins.firebase.messaging.FlutterFirebaseAppRegistrar"
114-->[:firebase_messaging] AndroidManifest.xml:37:17-128
115                android:value="com.google.firebase.components.ComponentRegistrar" />
115-->[:firebase_messaging] AndroidManifest.xml:38:17-82
116            <meta-data
116-->[:firebase_storage] AndroidManifest.xml:9:13-11:85
117                android:name="com.google.firebase.components:io.flutter.plugins.firebase.storage.FlutterFirebaseAppRegistrar"
117-->[:firebase_storage] AndroidManifest.xml:10:17-126
118                android:value="com.google.firebase.components.ComponentRegistrar" />
118-->[:firebase_storage] AndroidManifest.xml:11:17-82
119            <meta-data
119-->[:firebase_core] AndroidManifest.xml:9:13-11:85
120                android:name="com.google.firebase.components:io.flutter.plugins.firebase.core.FlutterFirebaseCoreRegistrar"
120-->[:firebase_core] AndroidManifest.xml:10:17-124
121                android:value="com.google.firebase.components.ComponentRegistrar" />
121-->[:firebase_core] AndroidManifest.xml:11:17-82
122            <meta-data
122-->[com.google.firebase:firebase-auth:23.1.0] AndroidManifest.xml:69:13-71:85
123                android:name="com.google.firebase.components:com.google.firebase.auth.FirebaseAuthRegistrar"
123-->[com.google.firebase:firebase-auth:23.1.0] AndroidManifest.xml:70:17-109
124                android:value="com.google.firebase.components.ComponentRegistrar" />
124-->[com.google.firebase:firebase-auth:23.1.0] AndroidManifest.xml:71:17-82
125            <meta-data
125-->[com.google.firebase:firebase-appcheck-safetynet:16.1.2] AndroidManifest.xml:27:13-29:85
126                android:name="com.google.firebase.components:com.google.firebase.appcheck.safetynet.FirebaseAppCheckSafetyNetRegistrar"
126-->[com.google.firebase:firebase-appcheck-safetynet:16.1.2] AndroidManifest.xml:28:17-136
127                android:value="com.google.firebase.components.ComponentRegistrar" />
127-->[com.google.firebase:firebase-appcheck-safetynet:16.1.2] AndroidManifest.xml:29:17-82
128            <meta-data
128-->[com.google.firebase:firebase-appcheck-debug:18.0.0] AndroidManifest.xml:25:13-27:85
129                android:name="com.google.firebase.components:com.google.firebase.appcheck.debug.FirebaseAppCheckDebugRegistrar"
129-->[com.google.firebase:firebase-appcheck-debug:18.0.0] AndroidManifest.xml:26:17-128
130                android:value="com.google.firebase.components.ComponentRegistrar" />
130-->[com.google.firebase:firebase-appcheck-debug:18.0.0] AndroidManifest.xml:27:17-82
131            <meta-data
131-->[com.google.firebase:firebase-firestore:25.1.1] AndroidManifest.xml:17:13-19:85
132                android:name="com.google.firebase.components:com.google.firebase.firestore.FirebaseFirestoreKtxRegistrar"
132-->[com.google.firebase:firebase-firestore:25.1.1] AndroidManifest.xml:18:17-122
133                android:value="com.google.firebase.components.ComponentRegistrar" />
133-->[com.google.firebase:firebase-firestore:25.1.1] AndroidManifest.xml:19:17-82
134            <meta-data
134-->[com.google.firebase:firebase-firestore:25.1.1] AndroidManifest.xml:20:13-22:85
135                android:name="com.google.firebase.components:com.google.firebase.firestore.FirestoreRegistrar"
135-->[com.google.firebase:firebase-firestore:25.1.1] AndroidManifest.xml:21:17-111
136                android:value="com.google.firebase.components.ComponentRegistrar" />
136-->[com.google.firebase:firebase-firestore:25.1.1] AndroidManifest.xml:22:17-82
137            <meta-data
137-->[com.google.firebase:firebase-appcheck-playintegrity:18.0.0] AndroidManifest.xml:25:13-27:85
138                android:name="com.google.firebase.components:com.google.firebase.appcheck.playintegrity.FirebaseAppCheckPlayIntegrityRegistrar"
138-->[com.google.firebase:firebase-appcheck-playintegrity:18.0.0] AndroidManifest.xml:26:17-144
139                android:value="com.google.firebase.components.ComponentRegistrar" />
139-->[com.google.firebase:firebase-appcheck-playintegrity:18.0.0] AndroidManifest.xml:27:17-82
140            <meta-data
140-->[com.google.firebase:firebase-messaging:24.1.0] AndroidManifest.xml:57:13-59:85
141                android:name="com.google.firebase.components:com.google.firebase.messaging.FirebaseMessagingKtxRegistrar"
141-->[com.google.firebase:firebase-messaging:24.1.0] AndroidManifest.xml:58:17-122
142                android:value="com.google.firebase.components.ComponentRegistrar" />
142-->[com.google.firebase:firebase-messaging:24.1.0] AndroidManifest.xml:59:17-82
143            <meta-data
143-->[com.google.firebase:firebase-messaging:24.1.0] AndroidManifest.xml:60:13-62:85
144                android:name="com.google.firebase.components:com.google.firebase.messaging.FirebaseMessagingRegistrar"
144-->[com.google.firebase:firebase-messaging:24.1.0] AndroidManifest.xml:61:17-119
145                android:value="com.google.firebase.components.ComponentRegistrar" />
145-->[com.google.firebase:firebase-messaging:24.1.0] AndroidManifest.xml:62:17-82
146            <meta-data
146-->[com.google.firebase:firebase-storage:21.0.1] AndroidManifest.xml:30:13-32:85
147                android:name="com.google.firebase.components:com.google.firebase.storage.FirebaseStorageKtxRegistrar"
147-->[com.google.firebase:firebase-storage:21.0.1] AndroidManifest.xml:31:17-118
148                android:value="com.google.firebase.components.ComponentRegistrar" />
148-->[com.google.firebase:firebase-storage:21.0.1] AndroidManifest.xml:32:17-82
149            <meta-data
149-->[com.google.firebase:firebase-storage:21.0.1] AndroidManifest.xml:33:13-35:85
150                android:name="com.google.firebase.components:com.google.firebase.storage.StorageRegistrar"
150-->[com.google.firebase:firebase-storage:21.0.1] AndroidManifest.xml:34:17-107
151                android:value="com.google.firebase.components.ComponentRegistrar" />
151-->[com.google.firebase:firebase-storage:21.0.1] AndroidManifest.xml:35:17-82
152            <meta-data
152-->[com.google.firebase:firebase-database:21.0.0] AndroidManifest.xml:29:13-31:85
153                android:name="com.google.firebase.components:com.google.firebase.database.FirebaseDatabaseKtxRegistrar"
153-->[com.google.firebase:firebase-database:21.0.0] AndroidManifest.xml:30:17-120
154                android:value="com.google.firebase.components.ComponentRegistrar" />
154-->[com.google.firebase:firebase-database:21.0.0] AndroidManifest.xml:31:17-82
155            <meta-data
155-->[com.google.firebase:firebase-database:21.0.0] AndroidManifest.xml:32:13-34:85
156                android:name="com.google.firebase.components:com.google.firebase.database.DatabaseRegistrar"
156-->[com.google.firebase:firebase-database:21.0.0] AndroidManifest.xml:33:17-109
157                android:value="com.google.firebase.components.ComponentRegistrar" />
157-->[com.google.firebase:firebase-database:21.0.0] AndroidManifest.xml:34:17-82
158            <meta-data
158-->[com.google.firebase:firebase-appcheck:18.0.0] AndroidManifest.xml:25:13-27:85
159                android:name="com.google.firebase.components:com.google.firebase.appcheck.FirebaseAppCheckKtxRegistrar"
159-->[com.google.firebase:firebase-appcheck:18.0.0] AndroidManifest.xml:26:17-120
160                android:value="com.google.firebase.components.ComponentRegistrar" />
160-->[com.google.firebase:firebase-appcheck:18.0.0] AndroidManifest.xml:27:17-82
161            <meta-data
161-->[com.google.firebase:firebase-appcheck:18.0.0] AndroidManifest.xml:28:13-30:85
162                android:name="com.google.firebase.components:com.google.firebase.appcheck.FirebaseAppCheckRegistrar"
162-->[com.google.firebase:firebase-appcheck:18.0.0] AndroidManifest.xml:29:17-117
163                android:value="com.google.firebase.components.ComponentRegistrar" />
163-->[com.google.firebase:firebase-appcheck:18.0.0] AndroidManifest.xml:30:17-82
164            <meta-data
164-->[com.google.firebase:firebase-installations:18.0.0] AndroidManifest.xml:15:13-17:85
165                android:name="com.google.firebase.components:com.google.firebase.installations.FirebaseInstallationsKtxRegistrar"
165-->[com.google.firebase:firebase-installations:18.0.0] AndroidManifest.xml:16:17-130
166                android:value="com.google.firebase.components.ComponentRegistrar" />
166-->[com.google.firebase:firebase-installations:18.0.0] AndroidManifest.xml:17:17-82
167            <meta-data
167-->[com.google.firebase:firebase-installations:18.0.0] AndroidManifest.xml:18:13-20:85
168                android:name="com.google.firebase.components:com.google.firebase.installations.FirebaseInstallationsRegistrar"
168-->[com.google.firebase:firebase-installations:18.0.0] AndroidManifest.xml:19:17-127
169                android:value="com.google.firebase.components.ComponentRegistrar" />
169-->[com.google.firebase:firebase-installations:18.0.0] AndroidManifest.xml:20:17-82
170            <meta-data
170-->[com.google.firebase:firebase-common-ktx:21.0.0] AndroidManifest.xml:12:13-14:85
171                android:name="com.google.firebase.components:com.google.firebase.ktx.FirebaseCommonLegacyRegistrar"
171-->[com.google.firebase:firebase-common-ktx:21.0.0] AndroidManifest.xml:13:17-116
172                android:value="com.google.firebase.components.ComponentRegistrar" />
172-->[com.google.firebase:firebase-common-ktx:21.0.0] AndroidManifest.xml:14:17-82
173            <meta-data
173-->[com.google.firebase:firebase-common:21.0.0] AndroidManifest.xml:35:13-37:85
174                android:name="com.google.firebase.components:com.google.firebase.FirebaseCommonKtxRegistrar"
174-->[com.google.firebase:firebase-common:21.0.0] AndroidManifest.xml:36:17-109
175                android:value="com.google.firebase.components.ComponentRegistrar" />
175-->[com.google.firebase:firebase-common:21.0.0] AndroidManifest.xml:37:17-82
176            <meta-data
176-->[com.google.firebase:firebase-datatransport:18.2.0] AndroidManifest.xml:25:13-27:85
177                android:name="com.google.firebase.components:com.google.firebase.datatransport.TransportRegistrar"
177-->[com.google.firebase:firebase-datatransport:18.2.0] AndroidManifest.xml:26:17-115
178                android:value="com.google.firebase.components.ComponentRegistrar" />
178-->[com.google.firebase:firebase-datatransport:18.2.0] AndroidManifest.xml:27:17-82
179        </service>
180        <service
180-->[:firebase_messaging] AndroidManifest.xml:14:9-17:72
181            android:name="io.flutter.plugins.firebase.messaging.FlutterFirebaseMessagingBackgroundService"
181-->[:firebase_messaging] AndroidManifest.xml:15:13-107
182            android:exported="false"
182-->[:firebase_messaging] AndroidManifest.xml:16:13-37
183            android:permission="android.permission.BIND_JOB_SERVICE" />
183-->[:firebase_messaging] AndroidManifest.xml:17:13-69
184        <service
184-->[:firebase_messaging] AndroidManifest.xml:18:9-24:19
185            android:name="io.flutter.plugins.firebase.messaging.FlutterFirebaseMessagingService"
185-->[:firebase_messaging] AndroidManifest.xml:19:13-97
186            android:exported="false" >
186-->[:firebase_messaging] AndroidManifest.xml:20:13-37
187            <intent-filter>
187-->[:firebase_messaging] AndroidManifest.xml:21:13-23:29
188                <action android:name="com.google.firebase.MESSAGING_EVENT" />
188-->[:firebase_messaging] AndroidManifest.xml:22:17-78
188-->[:firebase_messaging] AndroidManifest.xml:22:25-75
189            </intent-filter>
190        </service>
191
192        <receiver
192-->[:firebase_messaging] AndroidManifest.xml:26:9-33:20
193            android:name="io.flutter.plugins.firebase.messaging.FlutterFirebaseMessagingReceiver"
193-->[:firebase_messaging] AndroidManifest.xml:27:13-98
194            android:exported="true"
194-->[:firebase_messaging] AndroidManifest.xml:28:13-36
195            android:permission="com.google.android.c2dm.permission.SEND" >
195-->[:firebase_messaging] AndroidManifest.xml:29:13-73
196            <intent-filter>
196-->[:firebase_messaging] AndroidManifest.xml:30:13-32:29
197                <action android:name="com.google.android.c2dm.intent.RECEIVE" />
197-->[:firebase_messaging] AndroidManifest.xml:31:17-81
197-->[:firebase_messaging] AndroidManifest.xml:31:25-78
198            </intent-filter>
199        </receiver>
200
201        <provider
201-->[:firebase_messaging] AndroidManifest.xml:41:9-45:38
202            android:name="io.flutter.plugins.firebase.messaging.FlutterFirebaseMessagingInitProvider"
202-->[:firebase_messaging] AndroidManifest.xml:42:13-102
203            android:authorities="com.example.chat_app_dexkor.flutterfirebasemessaginginitprovider"
203-->[:firebase_messaging] AndroidManifest.xml:43:13-88
204            android:exported="false"
204-->[:firebase_messaging] AndroidManifest.xml:44:13-37
205            android:initOrder="99" />
205-->[:firebase_messaging] AndroidManifest.xml:45:13-35
206        <provider
206-->[:image_picker_android] AndroidManifest.xml:9:9-17:20
207            android:name="io.flutter.plugins.imagepicker.ImagePickerFileProvider"
207-->[:image_picker_android] AndroidManifest.xml:10:13-82
208            android:authorities="com.example.chat_app_dexkor.flutter.image_provider"
208-->[:image_picker_android] AndroidManifest.xml:11:13-74
209            android:exported="false"
209-->[:image_picker_android] AndroidManifest.xml:12:13-37
210            android:grantUriPermissions="true" >
210-->[:image_picker_android] AndroidManifest.xml:13:13-47
211            <meta-data
211-->[:image_picker_android] AndroidManifest.xml:14:13-16:75
212                android:name="android.support.FILE_PROVIDER_PATHS"
212-->[:image_picker_android] AndroidManifest.xml:15:17-67
213                android:resource="@xml/flutter_image_picker_file_paths" />
213-->[:image_picker_android] AndroidManifest.xml:16:17-72
214        </provider> <!-- Trigger Google Play services to install the backported photo picker module. -->
215        <service
215-->[:image_picker_android] AndroidManifest.xml:19:9-31:19
216            android:name="com.google.android.gms.metadata.ModuleDependencies"
216-->[:image_picker_android] AndroidManifest.xml:20:13-78
217            android:enabled="false"
217-->[:image_picker_android] AndroidManifest.xml:21:13-36
218            android:exported="false" >
218-->[:image_picker_android] AndroidManifest.xml:22:13-37
219            <intent-filter>
219-->[:image_picker_android] AndroidManifest.xml:24:13-26:29
220                <action android:name="com.google.android.gms.metadata.MODULE_DEPENDENCIES" />
220-->[:image_picker_android] AndroidManifest.xml:25:17-94
220-->[:image_picker_android] AndroidManifest.xml:25:25-91
221            </intent-filter>
222
223            <meta-data
223-->[:image_picker_android] AndroidManifest.xml:28:13-30:36
224                android:name="photopicker_activity:0:required"
224-->[:image_picker_android] AndroidManifest.xml:29:17-63
225                android:value="" />
225-->[:image_picker_android] AndroidManifest.xml:30:17-33
226        </service>
227        <service
227-->[:location] AndroidManifest.xml:11:9-15:56
228            android:name="com.lyokone.location.FlutterLocationService"
228-->[:location] AndroidManifest.xml:12:13-71
229            android:enabled="true"
229-->[:location] AndroidManifest.xml:13:13-35
230            android:exported="false"
230-->[:location] AndroidManifest.xml:14:13-37
231            android:foregroundServiceType="location" />
231-->[:location] AndroidManifest.xml:15:13-53
232
233        <activity
233-->[:url_launcher_android] AndroidManifest.xml:8:9-11:74
234            android:name="io.flutter.plugins.urllauncher.WebViewActivity"
234-->[:url_launcher_android] AndroidManifest.xml:9:13-74
235            android:exported="false"
235-->[:url_launcher_android] AndroidManifest.xml:10:13-37
236            android:theme="@android:style/Theme.NoTitleBar.Fullscreen" /> <!-- Needs to be explicitly declared on P+ -->
236-->[:url_launcher_android] AndroidManifest.xml:11:13-71
237        <uses-library
237-->[com.google.android.gms:play-services-maps:18.2.0] AndroidManifest.xml:39:9-41:40
238            android:name="org.apache.http.legacy"
238-->[com.google.android.gms:play-services-maps:18.2.0] AndroidManifest.xml:40:13-50
239            android:required="false" />
239-->[com.google.android.gms:play-services-maps:18.2.0] AndroidManifest.xml:41:13-37
240
241        <activity
241-->[com.google.firebase:firebase-auth:23.1.0] AndroidManifest.xml:29:9-46:20
242            android:name="com.google.firebase.auth.internal.GenericIdpActivity"
242-->[com.google.firebase:firebase-auth:23.1.0] AndroidManifest.xml:30:13-80
243            android:excludeFromRecents="true"
243-->[com.google.firebase:firebase-auth:23.1.0] AndroidManifest.xml:31:13-46
244            android:exported="true"
244-->[com.google.firebase:firebase-auth:23.1.0] AndroidManifest.xml:32:13-36
245            android:launchMode="singleTask"
245-->[com.google.firebase:firebase-auth:23.1.0] AndroidManifest.xml:33:13-44
246            android:theme="@android:style/Theme.Translucent.NoTitleBar" >
246-->[com.google.firebase:firebase-auth:23.1.0] AndroidManifest.xml:34:13-72
247            <intent-filter>
247-->[com.google.firebase:firebase-auth:23.1.0] AndroidManifest.xml:35:13-45:29
248                <action android:name="android.intent.action.VIEW" />
248-->[com.google.firebase:firebase-auth:23.1.0] AndroidManifest.xml:36:17-69
248-->[com.google.firebase:firebase-auth:23.1.0] AndroidManifest.xml:36:25-66
249
250                <category android:name="android.intent.category.DEFAULT" />
250-->[com.google.firebase:firebase-auth:23.1.0] AndroidManifest.xml:38:17-76
250-->[com.google.firebase:firebase-auth:23.1.0] AndroidManifest.xml:38:27-73
251                <category android:name="android.intent.category.BROWSABLE" />
251-->[com.google.firebase:firebase-auth:23.1.0] AndroidManifest.xml:39:17-78
251-->[com.google.firebase:firebase-auth:23.1.0] AndroidManifest.xml:39:27-75
252
253                <data
253-->src\main\AndroidManifest.xml:49:13-50
254                    android:host="firebase.auth"
255                    android:path="/"
256                    android:scheme="genericidp" />
257            </intent-filter>
258        </activity>
259        <activity
259-->[com.google.firebase:firebase-auth:23.1.0] AndroidManifest.xml:47:9-64:20
260            android:name="com.google.firebase.auth.internal.RecaptchaActivity"
260-->[com.google.firebase:firebase-auth:23.1.0] AndroidManifest.xml:48:13-79
261            android:excludeFromRecents="true"
261-->[com.google.firebase:firebase-auth:23.1.0] AndroidManifest.xml:49:13-46
262            android:exported="true"
262-->[com.google.firebase:firebase-auth:23.1.0] AndroidManifest.xml:50:13-36
263            android:launchMode="singleTask"
263-->[com.google.firebase:firebase-auth:23.1.0] AndroidManifest.xml:51:13-44
264            android:theme="@android:style/Theme.Translucent.NoTitleBar" >
264-->[com.google.firebase:firebase-auth:23.1.0] AndroidManifest.xml:52:13-72
265            <intent-filter>
265-->[com.google.firebase:firebase-auth:23.1.0] AndroidManifest.xml:53:13-63:29
266                <action android:name="android.intent.action.VIEW" />
266-->[com.google.firebase:firebase-auth:23.1.0] AndroidManifest.xml:36:17-69
266-->[com.google.firebase:firebase-auth:23.1.0] AndroidManifest.xml:36:25-66
267
268                <category android:name="android.intent.category.DEFAULT" />
268-->[com.google.firebase:firebase-auth:23.1.0] AndroidManifest.xml:38:17-76
268-->[com.google.firebase:firebase-auth:23.1.0] AndroidManifest.xml:38:27-73
269                <category android:name="android.intent.category.BROWSABLE" />
269-->[com.google.firebase:firebase-auth:23.1.0] AndroidManifest.xml:39:17-78
269-->[com.google.firebase:firebase-auth:23.1.0] AndroidManifest.xml:39:27-75
270
271                <data
271-->src\main\AndroidManifest.xml:49:13-50
272                    android:host="firebase.auth"
273                    android:path="/"
274                    android:scheme="recaptcha" />
275            </intent-filter>
276        </activity>
277
278        <service
278-->[androidx.credentials:credentials-play-services-auth:1.2.0-rc01] AndroidManifest.xml:24:9-32:19
279            android:name="androidx.credentials.playservices.CredentialProviderMetadataHolder"
279-->[androidx.credentials:credentials-play-services-auth:1.2.0-rc01] AndroidManifest.xml:25:13-94
280            android:enabled="true"
280-->[androidx.credentials:credentials-play-services-auth:1.2.0-rc01] AndroidManifest.xml:26:13-35